<?xml version="1.0" encoding="UTF-8"?>
<!-- Generated by org.testng.reporters.JUnitReportReporter -->
<testsuite hostname="Hemanthd23" failures="0" tests="1" name="Selenium.Framework.Basetest" time="19.977" errors="0" timestamp="2024-05-21T14:19:07 IST" skipped="0">
  <testcase classname="Selenium.Framework.Basetest" name="configure" time="19.977"/>
</testsuite> <!-- Selenium.Framework.Basetest -->
