<?xml version="1.0" encoding="UTF-8"?>
<!-- Generated by org.testng.reporters.JUnitReportReporter -->
<testsuite hostname="Hemanthd23" failures="0" tests="2" name="Selenium.Framework.Onboard" time="95.510" errors="0" timestamp="2024-05-24T12:12:40 IST" skipped="0">
  <testcase classname="Selenium.Framework.Onboard" name="configure" time="23.474"/>
  <testcase classname="Selenium.Framework.Onboard" name="Onboards" time="72.036"/>
</testsuite> <!-- Selenium.Framework.Onboard -->
