<?xml version="1.0" encoding="UTF-8"?>
<!-- Generated by org.testng.reporters.JUnitReportReporter -->
<testsuite hostname="DESKTOP-5M39ICS" failures="0" tests="1" name="Uv.appium.Statistics" time="20.471" errors="0" timestamp="2024-06-18T15:38:03 IST" skipped="0">
  <testcase classname="Uv.appium.Statistics" name="Stats" time="20.471"/>
</testsuite> <!-- Uv.appium.Statistics -->
