<?xml version="1.0" encoding="UTF-8"?>
<!-- Generated by org.testng.reporters.JUnitReportReporter -->
<testsuite hostname="DESKTOP-5M39ICS" failures="0" tests="1" name="Uv.appium.Assist" time="20.008" errors="0" timestamp="2024-06-21T12:45:34 IST" skipped="0">
  <testcase classname="Uv.appium.Assist" name="assist" time="20.008"/>
</testsuite> <!-- Uv.appium.Assist -->
