<?xml version="1.0" encoding="UTF-8"?>
<!-- Generated by org.testng.reporters.JUnitReportReporter -->
<testsuite hostname="DESKTOP-5M39ICS" failures="0" tests="1" name="Uv.appium.Settings" time="17.390" errors="0" timestamp="2024-06-21T12:38:26 IST" skipped="0">
  <testcase classname="Uv.appium.Settings" name="settings" time="17.390"/>
</testsuite> <!-- Uv.appium.Settings -->
